2018-05-23 19:13:31 DEBUG cache:44 - Couldn't find template in cache for "Extent.ftl"("en_US", UTF-8, parsed); will try to load it.
2018-05-23 19:13:31 DEBUG cache:44 - TemplateLoader.findTemplateSource("Extent_en_US.ftl"): Not found
2018-05-23 19:13:31 DEBUG cache:44 - TemplateLoader.findTemplateSource("Extent_en.ftl"): Not found
2018-05-23 19:13:31 DEBUG cache:44 - TemplateLoader.findTemplateSource("Extent.ftl"): Found
2018-05-23 19:13:31 DEBUG cache:44 - Loading template for "Extent.ftl"("en_US", UTF-8, parsed) from "jar:file:/C:/Users/amehndiratta/Desktop/extentreports-2.41.2.jar!/com/relevantcodes/extentreports/view/Extent.ftl"
2018-05-23 19:23:33 DEBUG cache:44 - Couldn't find template in cache for "Extent.ftl"("en_US", UTF-8, parsed); will try to load it.
2018-05-23 19:23:33 DEBUG cache:44 - TemplateLoader.findTemplateSource("Extent_en_US.ftl"): Not found
2018-05-23 19:23:33 DEBUG cache:44 - TemplateLoader.findTemplateSource("Extent_en.ftl"): Not found
2018-05-23 19:23:33 DEBUG cache:44 - TemplateLoader.findTemplateSource("Extent.ftl"): Found
2018-05-23 19:23:33 DEBUG cache:44 - Loading template for "Extent.ftl"("en_US", UTF-8, parsed) from "jar:file:/C:/Users/amehndiratta/Desktop/extentreports-2.41.2.jar!/com/relevantcodes/extentreports/view/Extent.ftl"
2018-05-23 19:38:33 DEBUG cache:44 - Couldn't find template in cache for "Extent.ftl"("en_US", UTF-8, parsed); will try to load it.
2018-05-23 19:38:33 DEBUG cache:44 - TemplateLoader.findTemplateSource("Extent_en_US.ftl"): Not found
2018-05-23 19:38:33 DEBUG cache:44 - TemplateLoader.findTemplateSource("Extent_en.ftl"): Not found
2018-05-23 19:38:33 DEBUG cache:44 - TemplateLoader.findTemplateSource("Extent.ftl"): Found
2018-05-23 19:38:33 DEBUG cache:44 - Loading template for "Extent.ftl"("en_US", UTF-8, parsed) from "jar:file:/C:/Users/amehndiratta/Desktop/extentreports-2.41.2.jar!/com/relevantcodes/extentreports/view/Extent.ftl"
2018-05-23 20:04:23 DEBUG cache:44 - Couldn't find template in cache for "Extent.ftl"("en_US", UTF-8, parsed); will try to load it.
2018-05-23 20:04:23 DEBUG cache:44 - TemplateLoader.findTemplateSource("Extent_en_US.ftl"): Not found
2018-05-23 20:04:23 DEBUG cache:44 - TemplateLoader.findTemplateSource("Extent_en.ftl"): Not found
2018-05-23 20:04:23 DEBUG cache:44 - TemplateLoader.findTemplateSource("Extent.ftl"): Found
2018-05-23 20:04:23 DEBUG cache:44 - Loading template for "Extent.ftl"("en_US", UTF-8, parsed) from "jar:file:/C:/Users/amehndiratta/Desktop/extentreports-2.41.2.jar!/com/relevantcodes/extentreports/view/Extent.ftl"
2018-05-23 20:44:03 DEBUG cache:44 - Couldn't find template in cache for "Extent.ftl"("en_US", UTF-8, parsed); will try to load it.
2018-05-23 20:44:03 DEBUG cache:44 - TemplateLoader.findTemplateSource("Extent_en_US.ftl"): Not found
2018-05-23 20:44:03 DEBUG cache:44 - TemplateLoader.findTemplateSource("Extent_en.ftl"): Not found
2018-05-23 20:44:03 DEBUG cache:44 - TemplateLoader.findTemplateSource("Extent.ftl"): Found
2018-05-23 20:44:03 DEBUG cache:44 - Loading template for "Extent.ftl"("en_US", UTF-8, parsed) from "jar:file:/C:/Users/amehndiratta/Desktop/extentreports-2.41.2.jar!/com/relevantcodes/extentreports/view/Extent.ftl"
2018-05-23 20:53:10 DEBUG cache:44 - Couldn't find template in cache for "Extent.ftl"("en_US", UTF-8, parsed); will try to load it.
2018-05-23 20:53:10 DEBUG cache:44 - TemplateLoader.findTemplateSource("Extent_en_US.ftl"): Not found
2018-05-23 20:53:10 DEBUG cache:44 - TemplateLoader.findTemplateSource("Extent_en.ftl"): Not found
2018-05-23 20:53:10 DEBUG cache:44 - TemplateLoader.findTemplateSource("Extent.ftl"): Found
2018-05-23 20:53:10 DEBUG cache:44 - Loading template for "Extent.ftl"("en_US", UTF-8, parsed) from "jar:file:/D:/Data/Aman%20Mehndiratta/Selenium/Jars/extentreports-java-2.41.2/extentreports-2.41.2.jar!/com/relevantcodes/extentreports/view/Extent.ftl"
2018-05-24 12:23:23 DEBUG cache:44 - Couldn't find template in cache for "Extent.ftl"("en_US", UTF-8, parsed); will try to load it.
2018-05-24 12:23:23 DEBUG cache:44 - TemplateLoader.findTemplateSource("Extent_en_US.ftl"): Not found
2018-05-24 12:23:23 DEBUG cache:44 - TemplateLoader.findTemplateSource("Extent_en.ftl"): Not found
2018-05-24 12:23:23 DEBUG cache:44 - TemplateLoader.findTemplateSource("Extent.ftl"): Found
2018-05-24 12:23:23 DEBUG cache:44 - Loading template for "Extent.ftl"("en_US", UTF-8, parsed) from "jar:file:/D:/Data/Aman%20Mehndiratta/Selenium/Jars/extentreports-java-2.41.2/extentreports-2.41.2.jar!/com/relevantcodes/extentreports/view/Extent.ftl"
2018-05-24 12:25:48 DEBUG cache:44 - Couldn't find template in cache for "Extent.ftl"("en_US", UTF-8, parsed); will try to load it.
2018-05-24 12:25:48 DEBUG cache:44 - TemplateLoader.findTemplateSource("Extent_en_US.ftl"): Not found
2018-05-24 12:25:48 DEBUG cache:44 - TemplateLoader.findTemplateSource("Extent_en.ftl"): Not found
2018-05-24 12:25:48 DEBUG cache:44 - TemplateLoader.findTemplateSource("Extent.ftl"): Found
2018-05-24 12:25:48 DEBUG cache:44 - Loading template for "Extent.ftl"("en_US", UTF-8, parsed) from "jar:file:/D:/Data/Aman%20Mehndiratta/Selenium/Jars/extentreports-java-2.41.2/extentreports-2.41.2.jar!/com/relevantcodes/extentreports/view/Extent.ftl"
2018-05-24 12:57:24 DEBUG cache:44 - Couldn't find template in cache for "Extent.ftl"("en_US", UTF-8, parsed); will try to load it.
2018-05-24 12:57:24 DEBUG cache:44 - TemplateLoader.findTemplateSource("Extent_en_US.ftl"): Not found
2018-05-24 12:57:24 DEBUG cache:44 - TemplateLoader.findTemplateSource("Extent_en.ftl"): Not found
2018-05-24 12:57:24 DEBUG cache:44 - TemplateLoader.findTemplateSource("Extent.ftl"): Found
2018-05-24 12:57:24 DEBUG cache:44 - Loading template for "Extent.ftl"("en_US", UTF-8, parsed) from "jar:file:/D:/Data/Aman%20Mehndiratta/Selenium/Jars/extentreports-java-2.41.2/extentreports-2.41.2.jar!/com/relevantcodes/extentreports/view/Extent.ftl"
2018-05-24 19:42:18 DEBUG cache:44 - Couldn't find template in cache for "Extent.ftl"("en_US", UTF-8, parsed); will try to load it.
2018-05-24 19:42:18 DEBUG cache:44 - TemplateLoader.findTemplateSource("Extent_en_US.ftl"): Not found
2018-05-24 19:42:18 DEBUG cache:44 - TemplateLoader.findTemplateSource("Extent_en.ftl"): Not found
2018-05-24 19:42:18 DEBUG cache:44 - TemplateLoader.findTemplateSource("Extent.ftl"): Found
2018-05-24 19:42:18 DEBUG cache:44 - Loading template for "Extent.ftl"("en_US", UTF-8, parsed) from "jar:file:/D:/Data/Aman%20Mehndiratta/Selenium/Jars/extentreports-java-2.41.2/extentreports-2.41.2.jar!/com/relevantcodes/extentreports/view/Extent.ftl"
2018-05-24 20:22:23 DEBUG cache:44 - Couldn't find template in cache for "Extent.ftl"("en_US", UTF-8, parsed); will try to load it.
2018-05-24 20:22:23 DEBUG cache:44 - TemplateLoader.findTemplateSource("Extent_en_US.ftl"): Not found
2018-05-24 20:22:23 DEBUG cache:44 - TemplateLoader.findTemplateSource("Extent_en.ftl"): Not found
2018-05-24 20:22:23 DEBUG cache:44 - TemplateLoader.findTemplateSource("Extent.ftl"): Found
2018-05-24 20:22:23 DEBUG cache:44 - Loading template for "Extent.ftl"("en_US", UTF-8, parsed) from "jar:file:/D:/Data/Aman%20Mehndiratta/Selenium/Jars/extentreports-java-2.41.2/extentreports-2.41.2.jar!/com/relevantcodes/extentreports/view/Extent.ftl"
2018-05-24 20:26:11 DEBUG cache:44 - Couldn't find template in cache for "Extent.ftl"("en_US", UTF-8, parsed); will try to load it.
2018-05-24 20:26:11 DEBUG cache:44 - TemplateLoader.findTemplateSource("Extent_en_US.ftl"): Not found
2018-05-24 20:26:11 DEBUG cache:44 - TemplateLoader.findTemplateSource("Extent_en.ftl"): Not found
2018-05-24 20:26:11 DEBUG cache:44 - TemplateLoader.findTemplateSource("Extent.ftl"): Found
2018-05-24 20:26:11 DEBUG cache:44 - Loading template for "Extent.ftl"("en_US", UTF-8, parsed) from "jar:file:/D:/Data/Aman%20Mehndiratta/Selenium/Jars/extentreports-java-2.41.2/extentreports-2.41.2.jar!/com/relevantcodes/extentreports/view/Extent.ftl"
2018-05-24 20:35:55 DEBUG cache:44 - Couldn't find template in cache for "Extent.ftl"("en_US", UTF-8, parsed); will try to load it.
2018-05-24 20:35:55 DEBUG cache:44 - TemplateLoader.findTemplateSource("Extent_en_US.ftl"): Not found
2018-05-24 20:35:55 DEBUG cache:44 - TemplateLoader.findTemplateSource("Extent_en.ftl"): Not found
2018-05-24 20:35:55 DEBUG cache:44 - TemplateLoader.findTemplateSource("Extent.ftl"): Found
2018-05-24 20:35:55 DEBUG cache:44 - Loading template for "Extent.ftl"("en_US", UTF-8, parsed) from "jar:file:/D:/Data/Aman%20Mehndiratta/Selenium/Jars/extentreports-java-2.41.2/extentreports-2.41.2.jar!/com/relevantcodes/extentreports/view/Extent.ftl"
2018-05-24 20:38:13 DEBUG cache:44 - Couldn't find template in cache for "Extent.ftl"("en_US", UTF-8, parsed); will try to load it.
2018-05-24 20:38:13 DEBUG cache:44 - TemplateLoader.findTemplateSource("Extent_en_US.ftl"): Not found
2018-05-24 20:38:13 DEBUG cache:44 - TemplateLoader.findTemplateSource("Extent_en.ftl"): Not found
2018-05-24 20:38:13 DEBUG cache:44 - TemplateLoader.findTemplateSource("Extent.ftl"): Found
2018-05-24 20:38:13 DEBUG cache:44 - Loading template for "Extent.ftl"("en_US", UTF-8, parsed) from "jar:file:/D:/Data/Aman%20Mehndiratta/Selenium/Jars/extentreports-java-2.41.2/extentreports-2.41.2.jar!/com/relevantcodes/extentreports/view/Extent.ftl"
2018-05-24 20:39:24 DEBUG cache:44 - Couldn't find template in cache for "Extent.ftl"("en_US", UTF-8, parsed); will try to load it.
2018-05-24 20:39:24 DEBUG cache:44 - TemplateLoader.findTemplateSource("Extent_en_US.ftl"): Not found
2018-05-24 20:39:24 DEBUG cache:44 - TemplateLoader.findTemplateSource("Extent_en.ftl"): Not found
2018-05-24 20:39:24 DEBUG cache:44 - TemplateLoader.findTemplateSource("Extent.ftl"): Found
2018-05-24 20:39:24 DEBUG cache:44 - Loading template for "Extent.ftl"("en_US", UTF-8, parsed) from "jar:file:/D:/Data/Aman%20Mehndiratta/Selenium/Jars/extentreports-java-2.41.2/extentreports-2.41.2.jar!/com/relevantcodes/extentreports/view/Extent.ftl"
2018-05-24 20:55:25 DEBUG cache:44 - Couldn't find template in cache for "Extent.ftl"("en_US", UTF-8, parsed); will try to load it.
2018-05-24 20:55:25 DEBUG cache:44 - TemplateLoader.findTemplateSource("Extent_en_US.ftl"): Not found
2018-05-24 20:55:25 DEBUG cache:44 - TemplateLoader.findTemplateSource("Extent_en.ftl"): Not found
2018-05-24 20:55:25 DEBUG cache:44 - TemplateLoader.findTemplateSource("Extent.ftl"): Found
2018-05-24 20:55:25 DEBUG cache:44 - Loading template for "Extent.ftl"("en_US", UTF-8, parsed) from "jar:file:/D:/Data/Aman%20Mehndiratta/Selenium/Jars/extentreports-java-2.41.2/extentreports-2.41.2.jar!/com/relevantcodes/extentreports/view/Extent.ftl"
2018-05-24 20:59:59 DEBUG cache:44 - Couldn't find template in cache for "Extent.ftl"("en_US", UTF-8, parsed); will try to load it.
2018-05-24 20:59:59 DEBUG cache:44 - TemplateLoader.findTemplateSource("Extent_en_US.ftl"): Not found
2018-05-24 20:59:59 DEBUG cache:44 - TemplateLoader.findTemplateSource("Extent_en.ftl"): Not found
2018-05-24 20:59:59 DEBUG cache:44 - TemplateLoader.findTemplateSource("Extent.ftl"): Found
2018-05-24 20:59:59 DEBUG cache:44 - Loading template for "Extent.ftl"("en_US", UTF-8, parsed) from "jar:file:/D:/Data/Aman%20Mehndiratta/Selenium/Jars/extentreports-java-2.41.2/extentreports-2.41.2.jar!/com/relevantcodes/extentreports/view/Extent.ftl"
2018-05-24 21:11:23 DEBUG cache:44 - Couldn't find template in cache for "Extent.ftl"("en_US", UTF-8, parsed); will try to load it.
2018-05-24 21:11:23 DEBUG cache:44 - TemplateLoader.findTemplateSource("Extent_en_US.ftl"): Not found
2018-05-24 21:11:23 DEBUG cache:44 - TemplateLoader.findTemplateSource("Extent_en.ftl"): Not found
2018-05-24 21:11:23 DEBUG cache:44 - TemplateLoader.findTemplateSource("Extent.ftl"): Found
2018-05-24 21:11:23 DEBUG cache:44 - Loading template for "Extent.ftl"("en_US", UTF-8, parsed) from "jar:file:/D:/Data/Aman%20Mehndiratta/Selenium/Jars/extentreports-java-2.41.2/extentreports-2.41.2.jar!/com/relevantcodes/extentreports/view/Extent.ftl"
2018-05-24 21:12:59 DEBUG cache:44 - Couldn't find template in cache for "Extent.ftl"("en_US", UTF-8, parsed); will try to load it.
2018-05-24 21:12:59 DEBUG cache:44 - TemplateLoader.findTemplateSource("Extent_en_US.ftl"): Not found
2018-05-24 21:12:59 DEBUG cache:44 - TemplateLoader.findTemplateSource("Extent_en.ftl"): Not found
2018-05-24 21:12:59 DEBUG cache:44 - TemplateLoader.findTemplateSource("Extent.ftl"): Found
2018-05-24 21:12:59 DEBUG cache:44 - Loading template for "Extent.ftl"("en_US", UTF-8, parsed) from "jar:file:/D:/Data/Aman%20Mehndiratta/Selenium/Jars/extentreports-java-2.41.2/extentreports-2.41.2.jar!/com/relevantcodes/extentreports/view/Extent.ftl"
2018-05-24 21:15:59 DEBUG cache:44 - Couldn't find template in cache for "Extent.ftl"("en_US", UTF-8, parsed); will try to load it.
2018-05-24 21:15:59 DEBUG cache:44 - TemplateLoader.findTemplateSource("Extent_en_US.ftl"): Not found
2018-05-24 21:15:59 DEBUG cache:44 - TemplateLoader.findTemplateSource("Extent_en.ftl"): Not found
2018-05-24 21:15:59 DEBUG cache:44 - TemplateLoader.findTemplateSource("Extent.ftl"): Found
2018-05-24 21:15:59 DEBUG cache:44 - Loading template for "Extent.ftl"("en_US", UTF-8, parsed) from "jar:file:/D:/Data/Aman%20Mehndiratta/Selenium/Jars/extentreports-java-2.41.2/extentreports-2.41.2.jar!/com/relevantcodes/extentreports/view/Extent.ftl"
2018-05-25 10:57:04 DEBUG cache:44 - Couldn't find template in cache for "Extent.ftl"("en_US", UTF-8, parsed); will try to load it.
2018-05-25 10:57:04 DEBUG cache:44 - TemplateLoader.findTemplateSource("Extent_en_US.ftl"): Not found
2018-05-25 10:57:04 DEBUG cache:44 - TemplateLoader.findTemplateSource("Extent_en.ftl"): Not found
2018-05-25 10:57:04 DEBUG cache:44 - TemplateLoader.findTemplateSource("Extent.ftl"): Found
2018-05-25 10:57:04 DEBUG cache:44 - Loading template for "Extent.ftl"("en_US", UTF-8, parsed) from "jar:file:/D:/Data/Aman%20Mehndiratta/Selenium/Jars/extentreports-java-2.41.2/extentreports-2.41.2.jar!/com/relevantcodes/extentreports/view/Extent.ftl"
2018-05-25 11:37:03 DEBUG cache:44 - Couldn't find template in cache for "Extent.ftl"("en_US", UTF-8, parsed); will try to load it.
2018-05-25 11:37:03 DEBUG cache:44 - TemplateLoader.findTemplateSource("Extent_en_US.ftl"): Not found
2018-05-25 11:37:03 DEBUG cache:44 - TemplateLoader.findTemplateSource("Extent_en.ftl"): Not found
2018-05-25 11:37:03 DEBUG cache:44 - TemplateLoader.findTemplateSource("Extent.ftl"): Found
2018-05-25 11:37:03 DEBUG cache:44 - Loading template for "Extent.ftl"("en_US", UTF-8, parsed) from "jar:file:/D:/Data/Aman%20Mehndiratta/Selenium/Jars/extentreports-java-2.41.2/extentreports-2.41.2.jar!/com/relevantcodes/extentreports/view/Extent.ftl"
2018-05-25 11:39:21 DEBUG cache:44 - Couldn't find template in cache for "Extent.ftl"("en_US", UTF-8, parsed); will try to load it.
2018-05-25 11:39:21 DEBUG cache:44 - TemplateLoader.findTemplateSource("Extent_en_US.ftl"): Not found
2018-05-25 11:39:21 DEBUG cache:44 - TemplateLoader.findTemplateSource("Extent_en.ftl"): Not found
2018-05-25 11:39:21 DEBUG cache:44 - TemplateLoader.findTemplateSource("Extent.ftl"): Found
2018-05-25 11:39:21 DEBUG cache:44 - Loading template for "Extent.ftl"("en_US", UTF-8, parsed) from "jar:file:/D:/Data/Aman%20Mehndiratta/Selenium/Jars/extentreports-java-2.41.2/extentreports-2.41.2.jar!/com/relevantcodes/extentreports/view/Extent.ftl"
2018-05-25 11:40:40 DEBUG cache:44 - Couldn't find template in cache for "Extent.ftl"("en_US", UTF-8, parsed); will try to load it.
2018-05-25 11:40:40 DEBUG cache:44 - TemplateLoader.findTemplateSource("Extent_en_US.ftl"): Not found
2018-05-25 11:40:40 DEBUG cache:44 - TemplateLoader.findTemplateSource("Extent_en.ftl"): Not found
2018-05-25 11:40:40 DEBUG cache:44 - TemplateLoader.findTemplateSource("Extent.ftl"): Found
2018-05-25 11:40:40 DEBUG cache:44 - Loading template for "Extent.ftl"("en_US", UTF-8, parsed) from "jar:file:/D:/Data/Aman%20Mehndiratta/Selenium/Jars/extentreports-java-2.41.2/extentreports-2.41.2.jar!/com/relevantcodes/extentreports/view/Extent.ftl"
2018-05-25 14:40:30 DEBUG cache:44 - Couldn't find template in cache for "Extent.ftl"("en_US", UTF-8, parsed); will try to load it.
2018-05-25 14:40:30 DEBUG cache:44 - TemplateLoader.findTemplateSource("Extent_en_US.ftl"): Not found
2018-05-25 14:40:30 DEBUG cache:44 - TemplateLoader.findTemplateSource("Extent_en.ftl"): Not found
2018-05-25 14:40:30 DEBUG cache:44 - TemplateLoader.findTemplateSource("Extent.ftl"): Found
2018-05-25 14:40:30 DEBUG cache:44 - Loading template for "Extent.ftl"("en_US", UTF-8, parsed) from "jar:file:/D:/Data/Aman%20Mehndiratta/Selenium/Jars/extentreports-java-2.41.2/extentreports-2.41.2.jar!/com/relevantcodes/extentreports/view/Extent.ftl"
2018-05-25 14:41:33 DEBUG cache:44 - Couldn't find template in cache for "Extent.ftl"("en_US", UTF-8, parsed); will try to load it.
2018-05-25 14:41:33 DEBUG cache:44 - TemplateLoader.findTemplateSource("Extent_en_US.ftl"): Not found
2018-05-25 14:41:33 DEBUG cache:44 - TemplateLoader.findTemplateSource("Extent_en.ftl"): Not found
2018-05-25 14:41:33 DEBUG cache:44 - TemplateLoader.findTemplateSource("Extent.ftl"): Found
2018-05-25 14:41:33 DEBUG cache:44 - Loading template for "Extent.ftl"("en_US", UTF-8, parsed) from "jar:file:/D:/Data/Aman%20Mehndiratta/Selenium/Jars/extentreports-java-2.41.2/extentreports-2.41.2.jar!/com/relevantcodes/extentreports/view/Extent.ftl"
2018-05-25 15:30:45 DEBUG cache:44 - Couldn't find template in cache for "Extent.ftl"("en_US", UTF-8, parsed); will try to load it.
2018-05-25 15:30:45 DEBUG cache:44 - TemplateLoader.findTemplateSource("Extent_en_US.ftl"): Not found
2018-05-25 15:30:45 DEBUG cache:44 - TemplateLoader.findTemplateSource("Extent_en.ftl"): Not found
2018-05-25 15:30:45 DEBUG cache:44 - TemplateLoader.findTemplateSource("Extent.ftl"): Found
2018-05-25 15:30:45 DEBUG cache:44 - Loading template for "Extent.ftl"("en_US", UTF-8, parsed) from "jar:file:/D:/Data/Aman%20Mehndiratta/Selenium/Jars/extentreports-java-2.41.2/extentreports-2.41.2.jar!/com/relevantcodes/extentreports/view/Extent.ftl"
